<?xml version="1.0" encoding="UTF-8"?>
<!-- Generated by org.testng.reporters.JUnitXMLReporter -->
<testsuite hostname="DESKTOP-R8U126V" name="FluidConsumption" tests="15" failures="8" timestamp="10 Feb 2020 13:26:18 GMT" time="14.341" errors="0">
  <testcase name="createPositionVerify" time="1.005" classname="com.Tests.FluidConsumption"/>
  <testcase name="createFluidConsumptionDuplicateDataVerify" time="0.825" classname="com.Tests.FluidConsumption">
    <failure type="java.lang.AssertionError" message="expected [409] but found [400]">
      <![CDATA[java.lang.AssertionError: expected [409] but found [400]
	at com.Utilities.Assertion.assertEquals(Assertion.java:31)
	at com.InitialSetup.BaseClass.verifyResponseCode(BaseClass.java:338)
	at com.Tests.FluidConsumption.createFluidConsumptionDuplicateDataVerify(FluidConsumption.java:75)
... Removed 34 stack frames]]>
    </failure>
  </testcase> <!-- createFluidConsumptionDuplicateDataVerify -->
  <testcase name="createFluidConsumptionVerify" time="0.819" classname="com.Tests.FluidConsumption">
    <failure type="java.lang.AssertionError" message="expected [200] but found [400]">
      <![CDATA[java.lang.AssertionError: expected [200] but found [400]
	at com.Utilities.Assertion.assertEquals(Assertion.java:31)
	at com.InitialSetup.BaseClass.verifyResponseCode(BaseClass.java:338)
	at com.Tests.FluidConsumption.createFluidConsumptionVerify(FluidConsumption.java:59)
... Removed 34 stack frames]]>
    </failure>
  </testcase> <!-- createFluidConsumptionVerify -->
  <testcase name="createFluidConsumptionBlankDataVerify" time="0.824" classname="com.Tests.FluidConsumption"/>
  <testcase name="getFluidConsumptionByIdVerify" time="0.947" classname="com.Tests.FluidConsumption">
    <failure type="java.lang.AssertionError" message="expected [200] but found [400]">
      <![CDATA[java.lang.AssertionError: expected [200] but found [400]
	at com.Utilities.Assertion.assertEquals(Assertion.java:31)
	at com.InitialSetup.BaseClass.verifyResponseCode(BaseClass.java:338)
	at com.Tests.FluidConsumption.getFluidConsumptionByIdVerify(FluidConsumption.java:94)
... Removed 34 stack frames]]>
    </failure>
  </testcase> <!-- getFluidConsumptionByIdVerify -->
  <testcase name="getAllFluidConsumptionVerify" time="0.841" classname="com.Tests.FluidConsumption"/>
  <testcase name="updateFluidConsumptionVerify" time="0.84" classname="com.Tests.FluidConsumption">
    <failure type="java.lang.AssertionError" message="expected [200] but found [400]">
      <![CDATA[java.lang.AssertionError: expected [200] but found [400]
	at com.Utilities.Assertion.assertEquals(Assertion.java:31)
	at com.InitialSetup.BaseClass.verifyResponseCode(BaseClass.java:338)
	at com.Tests.FluidConsumption.updateFluidConsumptionVerify(FluidConsumption.java:119)
... Removed 34 stack frames]]>
    </failure>
  </testcase> <!-- updateFluidConsumptionVerify -->
  <testcase name="updateFluidConsumptionDuplicateDataVerify" time="0.862" classname="com.Tests.FluidConsumption">
    <failure type="java.lang.AssertionError" message="expected [409] but found [400]">
      <![CDATA[java.lang.AssertionError: expected [409] but found [400]
	at com.Utilities.Assertion.assertEquals(Assertion.java:31)
	at com.InitialSetup.BaseClass.verifyResponseCode(BaseClass.java:338)
	at com.Tests.FluidConsumption.updateFluidConsumptionDuplicateDataVerify(FluidConsumption.java:129)
... Removed 34 stack frames]]>
    </failure>
  </testcase> <!-- updateFluidConsumptionDuplicateDataVerify -->
  <testcase name="createEventVerify" time="0.895" classname="com.Tests.FluidConsumption">
    <failure type="java.lang.IllegalArgumentException" message="No signature of method: java.lang.Integer.getAt() is applicable for argument types: (java.lang.Integer) values: [0]
Possible solutions: getAt(java.lang.String), next(), putAt(java.lang.String, java.lang.Object), wait(), grep(), getClass()">
      <![CDATA[java.lang.IllegalArgumentException: No signature of method: java.lang.Integer.getAt() is applicable for argument types: (java.lang.Integer) values: [0]
Possible solutions: getAt(java.lang.String), next(), putAt(java.lang.String, java.lang.Object), wait(), grep(), getClass()
	at org.codehaus.groovy.runtime.callsite.ConstructorSite$ConstructorSiteNoUnwrapNoCoerce.callConstructor(ConstructorSite.java:105)
	at org.codehaus.groovy.runtime.callsite.CallSiteArray.defaultCallConstructor(CallSiteArray.java:60)
	at org.codehaus.groovy.runtime.callsite.AbstractCallSite.callConstructor(AbstractCallSite.java:235)
	at org.codehaus.groovy.runtime.callsite.AbstractCallSite.callConstructor(AbstractCallSite.java:255)
	at io.restassured.internal.path.json.JSONAssertion.getAsJsonObject(JSONAssertion.groovy:57)
	at io.restassured.internal.path.json.JSONAssertion$getAsJsonObject.callCurrent(Unknown Source)
	at io.restassured.internal.path.json.JSONAssertion.getResult(JSONAssertion.groovy:28)
	at io.restassured.path.json.JsonPath.get(JsonPath.java:202)
	at io.restassured.path.json.JsonPath.getInt(JsonPath.java:236)
	at com.Tests.FluidConsumption.createEventVerify(FluidConsumption.java:151)
Caused by: groovy.lang.MissingMethodException: No signature of method: java.lang.Integer.getAt() is applicable for argument types: (java.lang.Integer) values: [0]
Possible solutions: getAt(java.lang.String), next(), putAt(java.lang.String, java.lang.Object), wait(), grep(), getClass()
	at org.codehaus.groovy.runtime.ScriptBytecodeAdapter.unwrap(ScriptBytecodeAdapter.java:58)
	at org.codehaus.groovy.runtime.callsite.PojoMetaClassSite.call(PojoMetaClassSite.java:49)
	at org.codehaus.groovy.runtime.callsite.CallSiteArray.defaultCall(CallSiteArray.java:48)
	at org.codehaus.groovy.runtime.callsite.AbstractCallSite.call(AbstractCallSite.java:113)
	at org.codehaus.groovy.runtime.callsite.AbstractCallSite.call(AbstractCallSite.java:125)
	at Script1.run(Script1.groovy:1)
	at groovy.lang.GroovyShell.evaluate(GroovyShell.java:585)
	at groovy.lang.GroovyShell.evaluate(GroovyShell.java:623)
	at groovy.lang.GroovyShell.evaluate(GroovyShell.java:594)
	at org.codehaus.groovy.runtime.callsite.PogoMetaMethodSite$PogoCachedMethodSiteNoUnwrap.invoke(PogoMetaMethodSite.java:190)
	at org.codehaus.groovy.runtime.callsite.PogoMetaMethodSite.call(PogoMetaMethodSite.java:71)
	at org.codehaus.groovy.runtime.callsite.AbstractCallSite.call(AbstractCallSite.java:125)
	at io.restassured.internal.path.json.JSONAssertion.eval(JSONAssertion.groovy:80)
	at org.codehaus.groovy.runtime.callsite.PogoMetaMethodSite$PogoCachedMethodSiteNoUnwrapNoCoerce.invoke(PogoMetaMethodSite.java:210)
	at org.codehaus.groovy.runtime.callsite.PogoMetaMethodSite.callCurrent(PogoMetaMethodSite.java:59)
	at org.codehaus.groovy.runtime.callsite.AbstractCallSite.callCurrent(AbstractCallSite.java:182)
	at io.restassured.internal.path.json.JSONAssertion.getAsJsonObject(JSONAssertion.groovy:46)
	... 33 more
... Removed 39 stack frames]]>
    </failure>
  </testcase> <!-- createEventVerify -->
  <testcase name="deleteFluidConsumptionVerify" time="0.814" classname="com.Tests.FluidConsumption">
    <failure type="java.lang.AssertionError" message="expected [200] but found [400]">
      <![CDATA[java.lang.AssertionError: expected [200] but found [400]
	at com.Utilities.Assertion.assertEquals(Assertion.java:31)
	at com.InitialSetup.BaseClass.verifyResponseCode(BaseClass.java:338)
	at com.Tests.FluidConsumption.deleteFluidConsumptionVerify(FluidConsumption.java:139)
... Removed 34 stack frames]]>
    </failure>
  </testcase> <!-- deleteFluidConsumptionVerify -->
  <testcase name="createFluidEventVerify" time="1.259" classname="com.Tests.FluidConsumption"/>
  <testcase name="createFluidEventBlankDataVerify" time="0.818" classname="com.Tests.FluidConsumption"/>
  <testcase name="createFluidEventDuplicateDataVerify" time="0.828" classname="com.Tests.FluidConsumption"/>
  <testcase name="updateEventFluidConsumptionVerify" time="0.846" classname="com.Tests.FluidConsumption">
    <failure type="java.lang.AssertionError" message="expected [200] but found [409]">
      <![CDATA[java.lang.AssertionError: expected [200] but found [409]
	at com.Utilities.Assertion.assertEquals(Assertion.java:31)
	at com.InitialSetup.BaseClass.verifyResponseCode(BaseClass.java:338)
	at com.Tests.FluidConsumption.updateEventFluidConsumptionVerify(FluidConsumption.java:193)
... Removed 34 stack frames]]>
    </failure>
  </testcase> <!-- updateEventFluidConsumptionVerify -->
  <testcase name="getAllEventFluidConsumptionVerify" time="0.86" classname="com.Tests.FluidConsumption"/>
</testsuite> <!-- FluidConsumption -->
