<?xml version="1.0" encoding="UTF-8"?>
<!-- Generated by org.testng.reporters.JUnitXMLReporter -->
<testsuite hostname="DESKTOP-R8U126V" name="Voyages" tests="17" failures="6" timestamp="10 Feb 2020 13:25:58 GMT" time="24.125" errors="0">
  <testcase name="createVoyageVerify" time="6.761" classname="com.Tests.Voyages"/>
  <testcase name="createVoyageBlankDataVerify" time="0.952" classname="com.Tests.Voyages"/>
  <testcase name="updateVoyageVerify" time="1.468" classname="com.Tests.Voyages">
    <failure type="java.lang.AssertionError" message="expected [200] but found [400]">
      <![CDATA[java.lang.AssertionError: expected [200] but found [400]
	at com.Utilities.Assertion.assertEquals(Assertion.java:31)
	at com.InitialSetup.BaseClass.verifyResponseCode(BaseClass.java:338)
	at com.Tests.Voyages.updateVoyageVerify(Voyages.java:74)
... Removed 34 stack frames]]>
    </failure>
  </testcase> <!-- updateVoyageVerify -->
  <testcase name="getVoyageByIdVerify" time="0.866" classname="com.Tests.Voyages">
    <failure type="java.lang.AssertionError" message="expected [200] but found [409]">
      <![CDATA[java.lang.AssertionError: expected [200] but found [409]
	at com.Utilities.Assertion.assertEquals(Assertion.java:31)
	at com.InitialSetup.BaseClass.verifyResponseCode(BaseClass.java:338)
	at com.Tests.Voyages.getVoyageByIdVerify(Voyages.java:84)
... Removed 34 stack frames]]>
    </failure>
  </testcase> <!-- getVoyageByIdVerify -->
  <testcase name="updateVoyagesStatusFalseVerify" time="0.843" classname="com.Tests.Voyages">
    <failure type="java.lang.AssertionError" message="expected [200] but found [400]">
      <![CDATA[java.lang.AssertionError: expected [200] but found [400]
	at com.Utilities.Assertion.assertEquals(Assertion.java:31)
	at com.InitialSetup.BaseClass.verifyResponseCode(BaseClass.java:338)
	at com.Tests.Voyages.updateVoyagesStatusFalseVerify(Voyages.java:97)
... Removed 34 stack frames]]>
    </failure>
  </testcase> <!-- updateVoyagesStatusFalseVerify -->
  <testcase name="updateVoyagesStatusTrueVerify" time="0.84" classname="com.Tests.Voyages">
    <failure type="java.lang.AssertionError" message="expected [200] but found [400]">
      <![CDATA[java.lang.AssertionError: expected [200] but found [400]
	at com.Utilities.Assertion.assertEquals(Assertion.java:31)
	at com.InitialSetup.BaseClass.verifyResponseCode(BaseClass.java:338)
	at com.Tests.Voyages.updateVoyagesStatusTrueVerify(Voyages.java:106)
... Removed 34 stack frames]]>
    </failure>
  </testcase> <!-- updateVoyagesStatusTrueVerify -->
  <testcase name="isInitialApprovedVerify" time="0.859" classname="com.Tests.Voyages">
    <failure type="java.lang.AssertionError" message="expected [200] but found [400]">
      <![CDATA[java.lang.AssertionError: expected [200] but found [400]
	at com.Utilities.Assertion.assertEquals(Assertion.java:31)
	at com.InitialSetup.BaseClass.verifyResponseCode(BaseClass.java:338)
	at com.Tests.Voyages.isInitialApprovedVerify(Voyages.java:116)
... Removed 34 stack frames]]>
    </failure>
  </testcase> <!-- isInitialApprovedVerify -->
  <testcase name="finalApproveVerify" time="0.823" classname="com.Tests.Voyages">
    <failure type="java.lang.AssertionError" message="expected [200] but found [400]">
      <![CDATA[java.lang.AssertionError: expected [200] but found [400]
	at com.Utilities.Assertion.assertEquals(Assertion.java:31)
	at com.InitialSetup.BaseClass.verifyResponseCode(BaseClass.java:338)
	at com.Tests.Voyages.finalApproveVerify(Voyages.java:125)
... Removed 34 stack frames]]>
    </failure>
  </testcase> <!-- finalApproveVerify -->
  <testcase name="getAllVoyagesByVesselVerify" time="0.854" classname="com.Tests.Voyages"/>
  <testcase name="getReportsForPassagesVerify" time="0.852" classname="com.Tests.Voyages"/>
  <testcase name="approvalAuditListVerify" time="0.841" classname="com.Tests.Voyages"/>
  <testcase name="createPositionVerify" time="1.482" classname="com.Tests.Voyages"/>
  <testcase name="createPositionBlankDataVerify" time="0.804" classname="com.Tests.Voyages"/>
  <testcase name="UpdatePositionVerify" time="0.938" classname="com.Tests.Voyages"/>
  <testcase name="UpdatePositionStatusFalseVerify" time="0.997" classname="com.Tests.Voyages"/>
  <testcase name="UpdatePositionStatusTrueVerify" time="0.87" classname="com.Tests.Voyages"/>
  <testcase name="copyPositionVerify" time="1.002" classname="com.Tests.Voyages"/>
</testsuite> <!-- Voyages -->
