<html>
<head>
<title>TestNG:  Voyages</title>
<link href="../testng.css" rel="stylesheet" type="text/css" />
<link href="../my-testng.css" rel="stylesheet" type="text/css" />

<style type="text/css">
.log { display: none;} 
.stack-trace { display: none;} 
</style>
<script type="text/javascript">
<!--
function flip(e) {
  current = e.style.display;
  if (current == 'block') {
    e.style.display = 'none';
    return 0;
  }
  else {
    e.style.display = 'block';
    return 1;
  }
}

function toggleBox(szDivId, elem, msg1, msg2)
{
  var res = -1;  if (document.getElementById) {
    res = flip(document.getElementById(szDivId));
  }
  else if (document.all) {
    // this is the way old msie versions work
    res = flip(document.all[szDivId]);
  }
  if(elem) {
    if(res == 0) elem.innerHTML = msg1; else elem.innerHTML = msg2;
  }

}

function toggleAllBoxes() {
  if (document.getElementsByTagName) {
    d = document.getElementsByTagName('div');
    for (i = 0; i < d.length; i++) {
      if (d[i].className == 'log') {
        flip(d[i]);
      }
    }
  }
}

// -->
</script>

</head>
<body>
<h2 align='center'>Voyages</h2><table border='1' align="center">
<tr>
<td>Tests passed/Failed/Skipped:</td><td>11/6/0</td>
</tr><tr>
<td>Started on:</td><td>Mon Feb 10 18:55:34 IST 2020</td>
</tr>
<tr><td>Total time:</td><td>24 seconds (24125 ms)</td>
</tr><tr>
<td>Included groups:</td><td></td>
</tr><tr>
<td>Excluded groups:</td><td></td>
</tr>
</table><p/>
<small><i>(Hover the method name to see the test class name)</i></small><p/>
<table width='100%' border='1' class='invocation-failed'>
<tr><td colspan='4' align='center'><b>FAILED TESTS</b></td></tr>
<tr><td><b>Test method</b></td>
<td width="30%"><b>Exception</b></td>
<td width="10%"><b>Time (seconds)</b></td>
<td><b>Instance</b></td>
</tr>
<tr>
<td title='com.Tests.Voyages.finalApproveVerify()'><b>finalApproveVerify</b><br>Test class: com.Tests.Voyages<br>Test method: approve final<br>Parameters: public void com.Tests.Voyages.finalApproveVerify(java.lang.reflect.Method) throws java.lang.Throwable</td>
<td><div><pre>java.lang.AssertionError: expected [200] but found [400]
	at com.Utilities.Assertion.assertEquals(Assertion.java:31)
	at com.InitialSetup.BaseClass.verifyResponseCode(BaseClass.java:338)
	at com.Tests.Voyages.finalApproveVerify(Voyages.java:125)
... Removed 34 stack frames</pre></div><a href='#' onClick='toggleBox("stack-trace116650158", this, "Click to show all stack frames", "Click to hide stack frames")'>Click to show all stack frames</a>
<div class='stack-trace' id='stack-trace116650158'><pre>java.lang.AssertionError: expected [200] but found [400]
	at org.testng.Assert.fail(Assert.java:94)
	at org.testng.Assert.failNotEquals(Assert.java:513)
	at org.testng.Assert.assertEqualsImpl(Assert.java:135)
	at org.testng.Assert.assertEquals(Assert.java:116)
	at org.testng.Assert.assertEquals(Assert.java:389)
	at org.testng.Assert.assertEquals(Assert.java:399)
	at com.Utilities.Assertion.assertEquals(Assertion.java:31)
	at com.InitialSetup.BaseClass.verifyResponseCode(BaseClass.java:338)
	at com.Tests.Voyages.finalApproveVerify(Voyages.java:125)
	at sun.reflect.NativeMethodAccessorImpl.invoke0(Native Method)
	at sun.reflect.NativeMethodAccessorImpl.invoke(NativeMethodAccessorImpl.java:62)
	at sun.reflect.DelegatingMethodAccessorImpl.invoke(DelegatingMethodAccessorImpl.java:43)
	at java.lang.reflect.Method.invoke(Method.java:498)
	at org.testng.internal.MethodInvocationHelper.invokeMethod(MethodInvocationHelper.java:86)
	at org.testng.internal.Invoker.invokeMethod(Invoker.java:643)
	at org.testng.internal.Invoker.invokeTestMethod(Invoker.java:820)
	at org.testng.internal.Invoker.invokeTestMethods(Invoker.java:1128)
	at org.testng.internal.TestMethodWorker.invokeTestMethods(TestMethodWorker.java:129)
	at org.testng.internal.TestMethodWorker.run(TestMethodWorker.java:112)
	at org.testng.TestRunner.privateRun(TestRunner.java:782)
	at org.testng.TestRunner.run(TestRunner.java:632)
	at org.testng.SuiteRunner.runTest(SuiteRunner.java:366)
	at org.testng.SuiteRunner.runSequentially(SuiteRunner.java:361)
	at org.testng.SuiteRunner.privateRun(SuiteRunner.java:319)
	at org.testng.SuiteRunner.run(SuiteRunner.java:268)
	at org.testng.SuiteRunnerWorker.runSuite(SuiteRunnerWorker.java:52)
	at org.testng.SuiteRunnerWorker.run(SuiteRunnerWorker.java:86)
	at org.testng.TestNG.runSuitesSequentially(TestNG.java:1244)
	at org.testng.TestNG.runSuitesLocally(TestNG.java:1169)
	at org.testng.TestNG.run(TestNG.java:1064)
	at org.apache.maven.surefire.testng.TestNGExecutor.run(TestNGExecutor.java:283)
	at org.apache.maven.surefire.testng.TestNGXmlTestSuite.execute(TestNGXmlTestSuite.java:75)
	at org.apache.maven.surefire.testng.TestNGProvider.invoke(TestNGProvider.java:120)
	at org.apache.maven.surefire.booter.ForkedBooter.invokeProviderInSameClassLoader(ForkedBooter.java:384)
	at org.apache.maven.surefire.booter.ForkedBooter.runSuitesInProcess(ForkedBooter.java:345)
	at org.apache.maven.surefire.booter.ForkedBooter.execute(ForkedBooter.java:126)
	at org.apache.maven.surefire.booter.ForkedBooter.main(ForkedBooter.java:418)
</pre></div></td>
<td>0</td>
<td>com.Tests.Voyages@331acdad</td></tr>
<tr>
<td title='com.Tests.Voyages.getVoyageByIdVerify()'><b>getVoyageByIdVerify</b><br>Test class: com.Tests.Voyages<br>Test method: get voyages by id<br>Parameters: public void com.Tests.Voyages.getVoyageByIdVerify(java.lang.reflect.Method) throws java.lang.Throwable</td>
<td><div><pre>java.lang.AssertionError: expected [200] but found [409]
	at com.Utilities.Assertion.assertEquals(Assertion.java:31)
	at com.InitialSetup.BaseClass.verifyResponseCode(BaseClass.java:338)
	at com.Tests.Voyages.getVoyageByIdVerify(Voyages.java:84)
... Removed 34 stack frames</pre></div><a href='#' onClick='toggleBox("stack-trace176376157", this, "Click to show all stack frames", "Click to hide stack frames")'>Click to show all stack frames</a>
<div class='stack-trace' id='stack-trace176376157'><pre>java.lang.AssertionError: expected [200] but found [409]
	at org.testng.Assert.fail(Assert.java:94)
	at org.testng.Assert.failNotEquals(Assert.java:513)
	at org.testng.Assert.assertEqualsImpl(Assert.java:135)
	at org.testng.Assert.assertEquals(Assert.java:116)
	at org.testng.Assert.assertEquals(Assert.java:389)
	at org.testng.Assert.assertEquals(Assert.java:399)
	at com.Utilities.Assertion.assertEquals(Assertion.java:31)
	at com.InitialSetup.BaseClass.verifyResponseCode(BaseClass.java:338)
	at com.Tests.Voyages.getVoyageByIdVerify(Voyages.java:84)
	at sun.reflect.NativeMethodAccessorImpl.invoke0(Native Method)
	at sun.reflect.NativeMethodAccessorImpl.invoke(NativeMethodAccessorImpl.java:62)
	at sun.reflect.DelegatingMethodAccessorImpl.invoke(DelegatingMethodAccessorImpl.java:43)
	at java.lang.reflect.Method.invoke(Method.java:498)
	at org.testng.internal.MethodInvocationHelper.invokeMethod(MethodInvocationHelper.java:86)
	at org.testng.internal.Invoker.invokeMethod(Invoker.java:643)
	at org.testng.internal.Invoker.invokeTestMethod(Invoker.java:820)
	at org.testng.internal.Invoker.invokeTestMethods(Invoker.java:1128)
	at org.testng.internal.TestMethodWorker.invokeTestMethods(TestMethodWorker.java:129)
	at org.testng.internal.TestMethodWorker.run(TestMethodWorker.java:112)
	at org.testng.TestRunner.privateRun(TestRunner.java:782)
	at org.testng.TestRunner.run(TestRunner.java:632)
	at org.testng.SuiteRunner.runTest(SuiteRunner.java:366)
	at org.testng.SuiteRunner.runSequentially(SuiteRunner.java:361)
	at org.testng.SuiteRunner.privateRun(SuiteRunner.java:319)
	at org.testng.SuiteRunner.run(SuiteRunner.java:268)
	at org.testng.SuiteRunnerWorker.runSuite(SuiteRunnerWorker.java:52)
	at org.testng.SuiteRunnerWorker.run(SuiteRunnerWorker.java:86)
	at org.testng.TestNG.runSuitesSequentially(TestNG.java:1244)
	at org.testng.TestNG.runSuitesLocally(TestNG.java:1169)
	at org.testng.TestNG.run(TestNG.java:1064)
	at org.apache.maven.surefire.testng.TestNGExecutor.run(TestNGExecutor.java:283)
	at org.apache.maven.surefire.testng.TestNGXmlTestSuite.execute(TestNGXmlTestSuite.java:75)
	at org.apache.maven.surefire.testng.TestNGProvider.invoke(TestNGProvider.java:120)
	at org.apache.maven.surefire.booter.ForkedBooter.invokeProviderInSameClassLoader(ForkedBooter.java:384)
	at org.apache.maven.surefire.booter.ForkedBooter.runSuitesInProcess(ForkedBooter.java:345)
	at org.apache.maven.surefire.booter.ForkedBooter.execute(ForkedBooter.java:126)
	at org.apache.maven.surefire.booter.ForkedBooter.main(ForkedBooter.java:418)
</pre></div></td>
<td>0</td>
<td>com.Tests.Voyages@331acdad</td></tr>
<tr>
<td title='com.Tests.Voyages.isInitialApprovedVerify()'><b>isInitialApprovedVerify</b><br>Test class: com.Tests.Voyages<br>Test method: approve inital<br>Parameters: public void com.Tests.Voyages.isInitialApprovedVerify(java.lang.reflect.Method) throws java.lang.Throwable</td>
<td><div><pre>java.lang.AssertionError: expected [200] but found [400]
	at com.Utilities.Assertion.assertEquals(Assertion.java:31)
	at com.InitialSetup.BaseClass.verifyResponseCode(BaseClass.java:338)
	at com.Tests.Voyages.isInitialApprovedVerify(Voyages.java:116)
... Removed 34 stack frames</pre></div><a href='#' onClick='toggleBox("stack-trace943472307", this, "Click to show all stack frames", "Click to hide stack frames")'>Click to show all stack frames</a>
<div class='stack-trace' id='stack-trace943472307'><pre>java.lang.AssertionError: expected [200] but found [400]
	at org.testng.Assert.fail(Assert.java:94)
	at org.testng.Assert.failNotEquals(Assert.java:513)
	at org.testng.Assert.assertEqualsImpl(Assert.java:135)
	at org.testng.Assert.assertEquals(Assert.java:116)
	at org.testng.Assert.assertEquals(Assert.java:389)
	at org.testng.Assert.assertEquals(Assert.java:399)
	at com.Utilities.Assertion.assertEquals(Assertion.java:31)
	at com.InitialSetup.BaseClass.verifyResponseCode(BaseClass.java:338)
	at com.Tests.Voyages.isInitialApprovedVerify(Voyages.java:116)
	at sun.reflect.NativeMethodAccessorImpl.invoke0(Native Method)
	at sun.reflect.NativeMethodAccessorImpl.invoke(NativeMethodAccessorImpl.java:62)
	at sun.reflect.DelegatingMethodAccessorImpl.invoke(DelegatingMethodAccessorImpl.java:43)
	at java.lang.reflect.Method.invoke(Method.java:498)
	at org.testng.internal.MethodInvocationHelper.invokeMethod(MethodInvocationHelper.java:86)
	at org.testng.internal.Invoker.invokeMethod(Invoker.java:643)
	at org.testng.internal.Invoker.invokeTestMethod(Invoker.java:820)
	at org.testng.internal.Invoker.invokeTestMethods(Invoker.java:1128)
	at org.testng.internal.TestMethodWorker.invokeTestMethods(TestMethodWorker.java:129)
	at org.testng.internal.TestMethodWorker.run(TestMethodWorker.java:112)
	at org.testng.TestRunner.privateRun(TestRunner.java:782)
	at org.testng.TestRunner.run(TestRunner.java:632)
	at org.testng.SuiteRunner.runTest(SuiteRunner.java:366)
	at org.testng.SuiteRunner.runSequentially(SuiteRunner.java:361)
	at org.testng.SuiteRunner.privateRun(SuiteRunner.java:319)
	at org.testng.SuiteRunner.run(SuiteRunner.java:268)
	at org.testng.SuiteRunnerWorker.runSuite(SuiteRunnerWorker.java:52)
	at org.testng.SuiteRunnerWorker.run(SuiteRunnerWorker.java:86)
	at org.testng.TestNG.runSuitesSequentially(TestNG.java:1244)
	at org.testng.TestNG.runSuitesLocally(TestNG.java:1169)
	at org.testng.TestNG.run(TestNG.java:1064)
	at org.apache.maven.surefire.testng.TestNGExecutor.run(TestNGExecutor.java:283)
	at org.apache.maven.surefire.testng.TestNGXmlTestSuite.execute(TestNGXmlTestSuite.java:75)
	at org.apache.maven.surefire.testng.TestNGProvider.invoke(TestNGProvider.java:120)
	at org.apache.maven.surefire.booter.ForkedBooter.invokeProviderInSameClassLoader(ForkedBooter.java:384)
	at org.apache.maven.surefire.booter.ForkedBooter.runSuitesInProcess(ForkedBooter.java:345)
	at org.apache.maven.surefire.booter.ForkedBooter.execute(ForkedBooter.java:126)
	at org.apache.maven.surefire.booter.ForkedBooter.main(ForkedBooter.java:418)
</pre></div></td>
<td>0</td>
<td>com.Tests.Voyages@331acdad</td></tr>
<tr>
<td title='com.Tests.Voyages.updateVoyageVerify()'><b>updateVoyageVerify</b><br>Test class: com.Tests.Voyages<br>Test method: update voyages<br>Parameters: public void com.Tests.Voyages.updateVoyageVerify(java.lang.reflect.Method) throws java.lang.Throwable</td>
<td><div><pre>java.lang.AssertionError: expected [200] but found [400]
	at com.Utilities.Assertion.assertEquals(Assertion.java:31)
	at com.InitialSetup.BaseClass.verifyResponseCode(BaseClass.java:338)
	at com.Tests.Voyages.updateVoyageVerify(Voyages.java:74)
... Removed 34 stack frames</pre></div><a href='#' onClick='toggleBox("stack-trace740950652", this, "Click to show all stack frames", "Click to hide stack frames")'>Click to show all stack frames</a>
<div class='stack-trace' id='stack-trace740950652'><pre>java.lang.AssertionError: expected [200] but found [400]
	at org.testng.Assert.fail(Assert.java:94)
	at org.testng.Assert.failNotEquals(Assert.java:513)
	at org.testng.Assert.assertEqualsImpl(Assert.java:135)
	at org.testng.Assert.assertEquals(Assert.java:116)
	at org.testng.Assert.assertEquals(Assert.java:389)
	at org.testng.Assert.assertEquals(Assert.java:399)
	at com.Utilities.Assertion.assertEquals(Assertion.java:31)
	at com.InitialSetup.BaseClass.verifyResponseCode(BaseClass.java:338)
	at com.Tests.Voyages.updateVoyageVerify(Voyages.java:74)
	at sun.reflect.NativeMethodAccessorImpl.invoke0(Native Method)
	at sun.reflect.NativeMethodAccessorImpl.invoke(NativeMethodAccessorImpl.java:62)
	at sun.reflect.DelegatingMethodAccessorImpl.invoke(DelegatingMethodAccessorImpl.java:43)
	at java.lang.reflect.Method.invoke(Method.java:498)
	at org.testng.internal.MethodInvocationHelper.invokeMethod(MethodInvocationHelper.java:86)
	at org.testng.internal.Invoker.invokeMethod(Invoker.java:643)
	at org.testng.internal.Invoker.invokeTestMethod(Invoker.java:820)
	at org.testng.internal.Invoker.invokeTestMethods(Invoker.java:1128)
	at org.testng.internal.TestMethodWorker.invokeTestMethods(TestMethodWorker.java:129)
	at org.testng.internal.TestMethodWorker.run(TestMethodWorker.java:112)
	at org.testng.TestRunner.privateRun(TestRunner.java:782)
	at org.testng.TestRunner.run(TestRunner.java:632)
	at org.testng.SuiteRunner.runTest(SuiteRunner.java:366)
	at org.testng.SuiteRunner.runSequentially(SuiteRunner.java:361)
	at org.testng.SuiteRunner.privateRun(SuiteRunner.java:319)
	at org.testng.SuiteRunner.run(SuiteRunner.java:268)
	at org.testng.SuiteRunnerWorker.runSuite(SuiteRunnerWorker.java:52)
	at org.testng.SuiteRunnerWorker.run(SuiteRunnerWorker.java:86)
	at org.testng.TestNG.runSuitesSequentially(TestNG.java:1244)
	at org.testng.TestNG.runSuitesLocally(TestNG.java:1169)
	at org.testng.TestNG.run(TestNG.java:1064)
	at org.apache.maven.surefire.testng.TestNGExecutor.run(TestNGExecutor.java:283)
	at org.apache.maven.surefire.testng.TestNGXmlTestSuite.execute(TestNGXmlTestSuite.java:75)
	at org.apache.maven.surefire.testng.TestNGProvider.invoke(TestNGProvider.java:120)
	at org.apache.maven.surefire.booter.ForkedBooter.invokeProviderInSameClassLoader(ForkedBooter.java:384)
	at org.apache.maven.surefire.booter.ForkedBooter.runSuitesInProcess(ForkedBooter.java:345)
	at org.apache.maven.surefire.booter.ForkedBooter.execute(ForkedBooter.java:126)
	at org.apache.maven.surefire.booter.ForkedBooter.main(ForkedBooter.java:418)
</pre></div></td>
<td>1</td>
<td>com.Tests.Voyages@331acdad</td></tr>
<tr>
<td title='com.Tests.Voyages.updateVoyagesStatusFalseVerify()'><b>updateVoyagesStatusFalseVerify</b><br>Test class: com.Tests.Voyages<br>Test method: update staust active to inactive<br>Parameters: public void com.Tests.Voyages.updateVoyagesStatusFalseVerify(java.lang.reflect.Method) throws java.lang.Throwable</td>
<td><div><pre>java.lang.AssertionError: expected [200] but found [400]
	at com.Utilities.Assertion.assertEquals(Assertion.java:31)
	at com.InitialSetup.BaseClass.verifyResponseCode(BaseClass.java:338)
	at com.Tests.Voyages.updateVoyagesStatusFalseVerify(Voyages.java:97)
... Removed 34 stack frames</pre></div><a href='#' onClick='toggleBox("stack-trace532613259", this, "Click to show all stack frames", "Click to hide stack frames")'>Click to show all stack frames</a>
<div class='stack-trace' id='stack-trace532613259'><pre>java.lang.AssertionError: expected [200] but found [400]
	at org.testng.Assert.fail(Assert.java:94)
	at org.testng.Assert.failNotEquals(Assert.java:513)
	at org.testng.Assert.assertEqualsImpl(Assert.java:135)
	at org.testng.Assert.assertEquals(Assert.java:116)
	at org.testng.Assert.assertEquals(Assert.java:389)
	at org.testng.Assert.assertEquals(Assert.java:399)
	at com.Utilities.Assertion.assertEquals(Assertion.java:31)
	at com.InitialSetup.BaseClass.verifyResponseCode(BaseClass.java:338)
	at com.Tests.Voyages.updateVoyagesStatusFalseVerify(Voyages.java:97)
	at sun.reflect.NativeMethodAccessorImpl.invoke0(Native Method)
	at sun.reflect.NativeMethodAccessorImpl.invoke(NativeMethodAccessorImpl.java:62)
	at sun.reflect.DelegatingMethodAccessorImpl.invoke(DelegatingMethodAccessorImpl.java:43)
	at java.lang.reflect.Method.invoke(Method.java:498)
	at org.testng.internal.MethodInvocationHelper.invokeMethod(MethodInvocationHelper.java:86)
	at org.testng.internal.Invoker.invokeMethod(Invoker.java:643)
	at org.testng.internal.Invoker.invokeTestMethod(Invoker.java:820)
	at org.testng.internal.Invoker.invokeTestMethods(Invoker.java:1128)
	at org.testng.internal.TestMethodWorker.invokeTestMethods(TestMethodWorker.java:129)
	at org.testng.internal.TestMethodWorker.run(TestMethodWorker.java:112)
	at org.testng.TestRunner.privateRun(TestRunner.java:782)
	at org.testng.TestRunner.run(TestRunner.java:632)
	at org.testng.SuiteRunner.runTest(SuiteRunner.java:366)
	at org.testng.SuiteRunner.runSequentially(SuiteRunner.java:361)
	at org.testng.SuiteRunner.privateRun(SuiteRunner.java:319)
	at org.testng.SuiteRunner.run(SuiteRunner.java:268)
	at org.testng.SuiteRunnerWorker.runSuite(SuiteRunnerWorker.java:52)
	at org.testng.SuiteRunnerWorker.run(SuiteRunnerWorker.java:86)
	at org.testng.TestNG.runSuitesSequentially(TestNG.java:1244)
	at org.testng.TestNG.runSuitesLocally(TestNG.java:1169)
	at org.testng.TestNG.run(TestNG.java:1064)
	at org.apache.maven.surefire.testng.TestNGExecutor.run(TestNGExecutor.java:283)
	at org.apache.maven.surefire.testng.TestNGXmlTestSuite.execute(TestNGXmlTestSuite.java:75)
	at org.apache.maven.surefire.testng.TestNGProvider.invoke(TestNGProvider.java:120)
	at org.apache.maven.surefire.booter.ForkedBooter.invokeProviderInSameClassLoader(ForkedBooter.java:384)
	at org.apache.maven.surefire.booter.ForkedBooter.runSuitesInProcess(ForkedBooter.java:345)
	at org.apache.maven.surefire.booter.ForkedBooter.execute(ForkedBooter.java:126)
	at org.apache.maven.surefire.booter.ForkedBooter.main(ForkedBooter.java:418)
</pre></div></td>
<td>0</td>
<td>com.Tests.Voyages@331acdad</td></tr>
<tr>
<td title='com.Tests.Voyages.updateVoyagesStatusTrueVerify()'><b>updateVoyagesStatusTrueVerify</b><br>Test class: com.Tests.Voyages<br>Test method: update staust active to inactive<br>Parameters: public void com.Tests.Voyages.updateVoyagesStatusTrueVerify(java.lang.reflect.Method) throws java.lang.Throwable</td>
<td><div><pre>java.lang.AssertionError: expected [200] but found [400]
	at com.Utilities.Assertion.assertEquals(Assertion.java:31)
	at com.InitialSetup.BaseClass.verifyResponseCode(BaseClass.java:338)
	at com.Tests.Voyages.updateVoyagesStatusTrueVerify(Voyages.java:106)
... Removed 34 stack frames</pre></div><a href='#' onClick='toggleBox("stack-trace134943275", this, "Click to show all stack frames", "Click to hide stack frames")'>Click to show all stack frames</a>
<div class='stack-trace' id='stack-trace134943275'><pre>java.lang.AssertionError: expected [200] but found [400]
	at org.testng.Assert.fail(Assert.java:94)
	at org.testng.Assert.failNotEquals(Assert.java:513)
	at org.testng.Assert.assertEqualsImpl(Assert.java:135)
	at org.testng.Assert.assertEquals(Assert.java:116)
	at org.testng.Assert.assertEquals(Assert.java:389)
	at org.testng.Assert.assertEquals(Assert.java:399)
	at com.Utilities.Assertion.assertEquals(Assertion.java:31)
	at com.InitialSetup.BaseClass.verifyResponseCode(BaseClass.java:338)
	at com.Tests.Voyages.updateVoyagesStatusTrueVerify(Voyages.java:106)
	at sun.reflect.NativeMethodAccessorImpl.invoke0(Native Method)
	at sun.reflect.NativeMethodAccessorImpl.invoke(NativeMethodAccessorImpl.java:62)
	at sun.reflect.DelegatingMethodAccessorImpl.invoke(DelegatingMethodAccessorImpl.java:43)
	at java.lang.reflect.Method.invoke(Method.java:498)
	at org.testng.internal.MethodInvocationHelper.invokeMethod(MethodInvocationHelper.java:86)
	at org.testng.internal.Invoker.invokeMethod(Invoker.java:643)
	at org.testng.internal.Invoker.invokeTestMethod(Invoker.java:820)
	at org.testng.internal.Invoker.invokeTestMethods(Invoker.java:1128)
	at org.testng.internal.TestMethodWorker.invokeTestMethods(TestMethodWorker.java:129)
	at org.testng.internal.TestMethodWorker.run(TestMethodWorker.java:112)
	at org.testng.TestRunner.privateRun(TestRunner.java:782)
	at org.testng.TestRunner.run(TestRunner.java:632)
	at org.testng.SuiteRunner.runTest(SuiteRunner.java:366)
	at org.testng.SuiteRunner.runSequentially(SuiteRunner.java:361)
	at org.testng.SuiteRunner.privateRun(SuiteRunner.java:319)
	at org.testng.SuiteRunner.run(SuiteRunner.java:268)
	at org.testng.SuiteRunnerWorker.runSuite(SuiteRunnerWorker.java:52)
	at org.testng.SuiteRunnerWorker.run(SuiteRunnerWorker.java:86)
	at org.testng.TestNG.runSuitesSequentially(TestNG.java:1244)
	at org.testng.TestNG.runSuitesLocally(TestNG.java:1169)
	at org.testng.TestNG.run(TestNG.java:1064)
	at org.apache.maven.surefire.testng.TestNGExecutor.run(TestNGExecutor.java:283)
	at org.apache.maven.surefire.testng.TestNGXmlTestSuite.execute(TestNGXmlTestSuite.java:75)
	at org.apache.maven.surefire.testng.TestNGProvider.invoke(TestNGProvider.java:120)
	at org.apache.maven.surefire.booter.ForkedBooter.invokeProviderInSameClassLoader(ForkedBooter.java:384)
	at org.apache.maven.surefire.booter.ForkedBooter.runSuitesInProcess(ForkedBooter.java:345)
	at org.apache.maven.surefire.booter.ForkedBooter.execute(ForkedBooter.java:126)
	at org.apache.maven.surefire.booter.ForkedBooter.main(ForkedBooter.java:418)
</pre></div></td>
<td>0</td>
<td>com.Tests.Voyages@331acdad</td></tr>
</table><p>
<table width='100%' border='1' class='invocation-passed'>
<tr><td colspan='4' align='center'><b>PASSED TESTS</b></td></tr>
<tr><td><b>Test method</b></td>
<td width="30%"><b>Exception</b></td>
<td width="10%"><b>Time (seconds)</b></td>
<td><b>Instance</b></td>
</tr>
<tr>
<td title='com.Tests.Voyages.UpdatePositionStatusFalseVerify()'><b>UpdatePositionStatusFalseVerify</b><br>Test class: com.Tests.Voyages<br>Test method: Active to inactive <br>Parameters: public void com.Tests.Voyages.UpdatePositionStatusFalseVerify(java.lang.reflect.Method) throws java.lang.Throwable</td>
<td></td>
<td>0</td>
<td>com.Tests.Voyages@331acdad</td></tr>
<tr>
<td title='com.Tests.Voyages.UpdatePositionStatusTrueVerify()'><b>UpdatePositionStatusTrueVerify</b><br>Test class: com.Tests.Voyages<br>Test method: InActive to active<br>Parameters: public void com.Tests.Voyages.UpdatePositionStatusTrueVerify(java.lang.reflect.Method) throws java.lang.Throwable</td>
<td></td>
<td>0</td>
<td>com.Tests.Voyages@331acdad</td></tr>
<tr>
<td title='com.Tests.Voyages.UpdatePositionVerify()'><b>UpdatePositionVerify</b><br>Test class: com.Tests.Voyages<br>Test method: update position<br>Parameters: public void com.Tests.Voyages.UpdatePositionVerify(java.lang.reflect.Method) throws java.lang.Throwable</td>
<td></td>
<td>0</td>
<td>com.Tests.Voyages@331acdad</td></tr>
<tr>
<td title='com.Tests.Voyages.approvalAuditListVerify()'><b>approvalAuditListVerify</b><br>Test class: com.Tests.Voyages<br>Test method: check approval audit list<br>Parameters: public void com.Tests.Voyages.approvalAuditListVerify(java.lang.reflect.Method) throws java.lang.Throwable</td>
<td></td>
<td>0</td>
<td>com.Tests.Voyages@331acdad</td></tr>
<tr>
<td title='com.Tests.Voyages.copyPositionVerify()'><b>copyPositionVerify</b><br>Test class: com.Tests.Voyages<br>Test method: copy position<br>Parameters: public void com.Tests.Voyages.copyPositionVerify(java.lang.reflect.Method) throws java.lang.Throwable</td>
<td></td>
<td>1</td>
<td>com.Tests.Voyages@331acdad</td></tr>
<tr>
<td title='com.Tests.Voyages.createPositionBlankDataVerify()'><b>createPositionBlankDataVerify</b><br>Test class: com.Tests.Voyages<br>Test method: create position<br>Parameters: public void com.Tests.Voyages.createPositionBlankDataVerify(java.lang.reflect.Method) throws java.lang.Throwable</td>
<td></td>
<td>0</td>
<td>com.Tests.Voyages@331acdad</td></tr>
<tr>
<td title='com.Tests.Voyages.createPositionVerify()'><b>createPositionVerify</b><br>Test class: com.Tests.Voyages<br>Test method: create position<br>Parameters: public void com.Tests.Voyages.createPositionVerify(java.lang.reflect.Method) throws java.lang.Throwable</td>
<td></td>
<td>1</td>
<td>com.Tests.Voyages@331acdad</td></tr>
<tr>
<td title='com.Tests.Voyages.createVoyageBlankDataVerify()'><b>createVoyageBlankDataVerify</b><br>Test class: com.Tests.Voyages<br>Test method: check blank body<br>Parameters: public void com.Tests.Voyages.createVoyageBlankDataVerify(java.lang.reflect.Method) throws java.lang.Throwable</td>
<td></td>
<td>0</td>
<td>com.Tests.Voyages@331acdad</td></tr>
<tr>
<td title='com.Tests.Voyages.createVoyageVerify()'><b>createVoyageVerify</b><br>Test class: com.Tests.Voyages<br>Test method: create voyages<br>Parameters: public void com.Tests.Voyages.createVoyageVerify(java.lang.reflect.Method) throws java.lang.Throwable</td>
<td></td>
<td>6</td>
<td>com.Tests.Voyages@331acdad</td></tr>
<tr>
<td title='com.Tests.Voyages.getAllVoyagesByVesselVerify()'><b>getAllVoyagesByVesselVerify</b><br>Test class: com.Tests.Voyages<br>Test method: check all  voyages by vessel<br>Parameters: public void com.Tests.Voyages.getAllVoyagesByVesselVerify(java.lang.reflect.Method) throws java.lang.Throwable</td>
<td></td>
<td>0</td>
<td>com.Tests.Voyages@331acdad</td></tr>
<tr>
<td title='com.Tests.Voyages.getReportsForPassagesVerify()'><b>getReportsForPassagesVerify</b><br>Test class: com.Tests.Voyages<br>Test method: check all  voyages by vessel<br>Parameters: public void com.Tests.Voyages.getReportsForPassagesVerify(java.lang.reflect.Method) throws java.lang.Throwable</td>
<td></td>
<td>0</td>
<td>com.Tests.Voyages@331acdad</td></tr>
</table><p>
</body>
</html>